<?xml version="1.0" encoding="UTF-8"?>
<TestRun id="60580f45-2193-452e-af7c-cfd41e25f37b" name="kalwal@SEGOT-3TT45Q1 2012-09-17 22:19:01" runUser="KODEXE\kalwal" xmlns="http://microsoft.com/schemas/VisualStudio/TeamTest/2010">
  <TestSettings name="Local" id="a58baa0d-ae03-49b1-854d-7dff66e1198a">
    <Description>These are default test settings for a local test run.</Description>
    <Deployment enabled="false" runDeploymentRoot="kalwal_SEGOT-3TT45Q1 2012-09-17 22_19_01">
      <DeploymentItem filename="C:\Users\kalwal\documents\visual studio 2010\Projects\GoL.Entities\GoL.Entities\bin\Debug\GoL.Entities.dll" />
      <DeploymentItem filename="C:\Users\kalwal\documents\visual studio 2010\Projects\ConsoleApplication1\ConsoleApplication1\bin\Debug\GoL.App.exe" />
    </Deployment>
    <Execution>
      <TestTypeSpecific />
      <AgentRule name="Execution Agents">
      </AgentRule>
    </Execution>
  </TestSettings>
  <Times creation="2012-09-17T22:19:01.2643441+02:00" queuing="2012-09-17T22:19:02.0013863+02:00" start="2012-09-17T22:19:02.1343939+02:00" finish="2012-09-17T22:19:09.8858373+02:00" />
  <ResultSummary outcome="Error">
    <Counters total="1" executed="1" error="0" failed="0" timeout="0" aborted="1" inconclusive="0" passedButRunAborted="0" notRunnable="0" notExecuted="0" disconnected="0" warning="0" passed="0" completed="0" inProgress="0" pending="0" />
    <RunInfos>
      <RunInfo computerName="SEGOT-3TT45Q1" outcome="Error" timestamp="2012-09-17T22:19:09.8848372+02:00">
        <Text>Test host process exited unexpectedly.</Text>
      </RunInfo>
    </RunInfos>
  </ResultSummary>
  <TestDefinitions>
    <UnitTest name="CellsWithTwoOrThreeNeighboursLiveOn" storage="c:\users\kalwal\documents\visual studio 2010\projects\gol.tests\gol.tests\bin\debug\gol.tests.dll" id="030517c0-f8e4-32b0-d788-f4ccb131bc6b">
      <Execution id="a5c9c9b8-7a6f-4b18-bd1a-8e0d851d0354" />
      <TestMethod codeBase="C:/Users/kalwal/documents/visual studio 2010/Projects/GoL.Tests/GoL.Tests/bin/Debug/GoL.Tests.DLL" adapterTypeName="Microsoft.VisualStudio.TestTools.TestTypes.Unit.UnitTestAdapter, Microsoft.VisualStudio.QualityTools.Tips.UnitTest.Adapter, Version=10.0.0.0, Culture=neutral, PublicKeyToken=b03f5f7f11d50a3a" className="GoL.Tests.UnitTests, GoL.Tests, Version=1.0.0.0, Culture=neutral, PublicKeyToken=null" name="CellsWithTwoOrThreeNeighboursLiveOn" />
    </UnitTest>
  </TestDefinitions>
  <TestLists>
    <TestList name="Results Not in a List" id="8c84fa94-04c1-424b-9868-57a2d4851a1d" />
    <TestList name="All Loaded Results" id="19431567-8539-422a-85d7-44ee4e166bda" />
  </TestLists>
  <TestEntries>
    <TestEntry testId="030517c0-f8e4-32b0-d788-f4ccb131bc6b" executionId="a5c9c9b8-7a6f-4b18-bd1a-8e0d851d0354" testListId="8c84fa94-04c1-424b-9868-57a2d4851a1d" />
  </TestEntries>
  <Results>
    <UnitTestResult executionId="a5c9c9b8-7a6f-4b18-bd1a-8e0d851d0354" testId="030517c0-f8e4-32b0-d788-f4ccb131bc6b" testName="CellsWithTwoOrThreeNeighboursLiveOn" computerName="SEGOT-3TT45Q1" duration="00:00:07.6164357" startTime="2012-09-17T22:19:02.2694016+02:00" endTime="2012-09-17T22:19:09.8858373+02:00" testType="13cdc9d9-ddb5-4fa4-a97d-d965ccfc6d4b" outcome="Aborted" testListId="8c84fa94-04c1-424b-9868-57a2d4851a1d" relativeResultsDirectory="a5c9c9b8-7a6f-4b18-bd1a-8e0d851d0354">
    </UnitTestResult>
  </Results>
</TestRun>