<?xml version="1.0" encoding="UTF-8"?>
<TestRun id="590343c2-e781-4a03-bb7f-cc334aa37f91" name="kalwal@SEGOT-3TT45Q1 2012-09-17 22:21:41" runUser="KODEXE\kalwal" xmlns="http://microsoft.com/schemas/VisualStudio/TeamTest/2010">
  <TestSettings name="Local" id="a58baa0d-ae03-49b1-854d-7dff66e1198a">
    <Description>These are default test settings for a local test run.</Description>
    <Deployment enabled="false" runDeploymentRoot="kalwal_SEGOT-3TT45Q1 2012-09-17 22_21_41">
      <DeploymentItem filename="C:\Users\kalwal\documents\visual studio 2010\Projects\GoL.Entities\GoL.Entities\bin\Debug\GoL.Entities.dll" />
      <DeploymentItem filename="C:\Users\kalwal\documents\visual studio 2010\Projects\ConsoleApplication1\ConsoleApplication1\bin\Debug\GoL.App.exe" />
    </Deployment>
    <Execution>
      <TestTypeSpecific />
      <AgentRule name="Execution Agents">
      </AgentRule>
    </Execution>
  </TestSettings>
  <Times creation="2012-09-17T22:21:41.3835024+02:00" queuing="2012-09-17T22:21:41.4185044+02:00" start="2012-09-17T22:21:41.4345053+02:00" finish="2012-09-17T22:21:41.6315166+02:00" />
  <ResultSummary outcome="Completed">
    <Counters total="1" executed="1" passed="1" error="0" failed="0" timeout="0" aborted="0" inconclusive="0" passedButRunAborted="0" notRunnable="0" notExecuted="0" disconnected="0" warning="0" completed="0" inProgress="0" pending="0" />
  </ResultSummary>
  <TestDefinitions>
    <UnitTest name="CellsWithOneOrNoNeighboursDie" storage="c:\users\kalwal\documents\visual studio 2010\projects\gol.tests\gol.tests\bin\debug\gol.tests.dll" id="3df3c4b5-72c2-473c-d0ba-e88b59634eed">
      <Execution id="aafafef2-f1c3-4f43-a992-9f96b6226e74" />
      <TestMethod codeBase="C:/Users/kalwal/documents/visual studio 2010/Projects/GoL.Tests/GoL.Tests/bin/Debug/GoL.Tests.DLL" adapterTypeName="Microsoft.VisualStudio.TestTools.TestTypes.Unit.UnitTestAdapter, Microsoft.VisualStudio.QualityTools.Tips.UnitTest.Adapter, Version=10.0.0.0, Culture=neutral, PublicKeyToken=b03f5f7f11d50a3a" className="GoL.Tests.UnitTests, GoL.Tests, Version=1.0.0.0, Culture=neutral, PublicKeyToken=null" name="CellsWithOneOrNoNeighboursDie" />
    </UnitTest>
  </TestDefinitions>
  <TestLists>
    <TestList name="Results Not in a List" id="8c84fa94-04c1-424b-9868-57a2d4851a1d" />
    <TestList name="All Loaded Results" id="19431567-8539-422a-85d7-44ee4e166bda" />
  </TestLists>
  <TestEntries>
    <TestEntry testId="3df3c4b5-72c2-473c-d0ba-e88b59634eed" executionId="aafafef2-f1c3-4f43-a992-9f96b6226e74" testListId="8c84fa94-04c1-424b-9868-57a2d4851a1d" />
  </TestEntries>
  <Results>
    <UnitTestResult executionId="aafafef2-f1c3-4f43-a992-9f96b6226e74" testId="3df3c4b5-72c2-473c-d0ba-e88b59634eed" testName="CellsWithOneOrNoNeighboursDie" computerName="SEGOT-3TT45Q1" duration="00:00:00.0170382" startTime="2012-09-17T22:21:41.4375055+02:00" endTime="2012-09-17T22:21:41.6185159+02:00" testType="13cdc9d9-ddb5-4fa4-a97d-d965ccfc6d4b" outcome="Passed" testListId="8c84fa94-04c1-424b-9868-57a2d4851a1d" relativeResultsDirectory="aafafef2-f1c3-4f43-a992-9f96b6226e74">
    </UnitTestResult>
  </Results>
</TestRun>