<?xml version="1.0" encoding="UTF-8"?>
<TestRun id="dcb10138-9e6f-4aea-b289-d338835f820f" name="kalwal@SEGOT-3TT45Q1 2012-09-17 16:41:24" runUser="KODEXE\kalwal" xmlns="http://microsoft.com/schemas/VisualStudio/TeamTest/2010">
  <TestSettings name="Local" id="a58baa0d-ae03-49b1-854d-7dff66e1198a">
    <Description>These are default test settings for a local test run.</Description>
    <Deployment userDeploymentRoot="C:\Users\kalwal\documents\visual studio 2010\Projects\ConsoleApplication1\TestResults" useDefaultDeploymentRoot="false" enabled="false" runDeploymentRoot="kalwal_SEGOT-3TT45Q1 2012-09-17 16_41_24">
      <DeploymentItem filename="C:\Users\kalwal\documents\visual studio 2010\Projects\GoL.Entities\GoL.Entities\bin\Debug\GoL.Entities.dll" />
      <DeploymentItem filename="C:\Users\kalwal\documents\visual studio 2010\Projects\ConsoleApplication1\ConsoleApplication1\bin\Debug\GoL.App.exe" />
    </Deployment>
    <Execution>
      <TestTypeSpecific />
      <AgentRule name="Execution Agents">
      </AgentRule>
    </Execution>
  </TestSettings>
  <Times creation="2012-09-17T16:41:24.5191088+02:00" queuing="2012-09-17T16:41:26.2792094+02:00" start="2012-09-17T16:41:26.4412187+02:00" finish="2012-09-17T16:41:57.2989837+02:00" />
  <ResultSummary outcome="Error">
    <Counters total="1" executed="1" error="0" failed="0" timeout="0" aborted="1" inconclusive="0" passedButRunAborted="0" notRunnable="0" notExecuted="0" disconnected="0" warning="0" passed="0" completed="0" inProgress="0" pending="0" />
    <RunInfos>
      <RunInfo computerName="SEGOT-3TT45Q1" outcome="Error" timestamp="2012-09-17T16:41:57.2979836+02:00">
        <Text>Test host process exited unexpectedly.</Text>
      </RunInfo>
    </RunInfos>
  </ResultSummary>
  <TestDefinitions>
    <UnitTest name="CellsWithOneOrNoNeighboursDie" storage="c:\users\kalwal\documents\visual studio 2010\projects\gol.tests\gol.tests\bin\debug\gol.tests.dll" id="3df3c4b5-72c2-473c-d0ba-e88b59634eed">
      <Execution id="faf228b2-af16-4f55-9a83-1b7c2e2e420d" />
      <TestMethod codeBase="C:/Users/kalwal/documents/visual studio 2010/Projects/GoL.Tests/GoL.Tests/bin/Debug/GoL.Tests.DLL" adapterTypeName="Microsoft.VisualStudio.TestTools.TestTypes.Unit.UnitTestAdapter, Microsoft.VisualStudio.QualityTools.Tips.UnitTest.Adapter, Version=10.0.0.0, Culture=neutral, PublicKeyToken=b03f5f7f11d50a3a" className="GoL.Tests.UnitTests, GoL.Tests, Version=1.0.0.0, Culture=neutral, PublicKeyToken=null" name="CellsWithOneOrNoNeighboursDie" />
    </UnitTest>
  </TestDefinitions>
  <TestLists>
    <TestList name="Results Not in a List" id="8c84fa94-04c1-424b-9868-57a2d4851a1d" />
    <TestList name="All Loaded Results" id="19431567-8539-422a-85d7-44ee4e166bda" />
  </TestLists>
  <TestEntries>
    <TestEntry testId="3df3c4b5-72c2-473c-d0ba-e88b59634eed" executionId="faf228b2-af16-4f55-9a83-1b7c2e2e420d" testListId="8c84fa94-04c1-424b-9868-57a2d4851a1d" />
  </TestEntries>
  <Results>
    <UnitTestResult executionId="faf228b2-af16-4f55-9a83-1b7c2e2e420d" testId="3df3c4b5-72c2-473c-d0ba-e88b59634eed" testName="CellsWithOneOrNoNeighboursDie" computerName="SEGOT-3TT45Q1" duration="00:00:30.7227573" startTime="2012-09-17T16:41:26.5762264+02:00" endTime="2012-09-17T16:41:57.2989837+02:00" testType="13cdc9d9-ddb5-4fa4-a97d-d965ccfc6d4b" outcome="Aborted" testListId="8c84fa94-04c1-424b-9868-57a2d4851a1d" relativeResultsDirectory="faf228b2-af16-4f55-9a83-1b7c2e2e420d">
    </UnitTestResult>
  </Results>
</TestRun>