<?xml version="1.0" encoding="UTF-8"?>
<TestRun id="ee867cd7-35a6-47ef-aae2-17fca16f60da" name="kalwal@SEGOT-3TT45Q1 2012-09-17 22:21:29" runUser="KODEXE\kalwal" xmlns="http://microsoft.com/schemas/VisualStudio/TeamTest/2010">
  <TestSettings name="Local" id="a58baa0d-ae03-49b1-854d-7dff66e1198a">
    <Description>These are default test settings for a local test run.</Description>
    <Deployment enabled="false" runDeploymentRoot="kalwal_SEGOT-3TT45Q1 2012-09-17 22_21_29">
      <DeploymentItem filename="C:\Users\kalwal\documents\visual studio 2010\Projects\GoL.Entities\GoL.Entities\bin\Debug\GoL.Entities.dll" />
      <DeploymentItem filename="C:\Users\kalwal\documents\visual studio 2010\Projects\ConsoleApplication1\ConsoleApplication1\bin\Debug\GoL.App.exe" />
    </Deployment>
    <Execution>
      <TestTypeSpecific />
      <AgentRule name="Execution Agents">
      </AgentRule>
    </Execution>
  </TestSettings>
  <Times creation="2012-09-17T22:21:29.4718211+02:00" queuing="2012-09-17T22:21:29.6598319+02:00" start="2012-09-17T22:21:29.6858334+02:00" finish="2012-09-17T22:21:29.9098462+02:00" />
  <ResultSummary outcome="Completed">
    <Counters total="1" executed="1" passed="1" error="0" failed="0" timeout="0" aborted="0" inconclusive="0" passedButRunAborted="0" notRunnable="0" notExecuted="0" disconnected="0" warning="0" completed="0" inProgress="0" pending="0" />
  </ResultSummary>
  <TestDefinitions>
    <UnitTest name="CellsWithTwoOrThreeNeighboursLiveOn" storage="c:\users\kalwal\documents\visual studio 2010\projects\gol.tests\gol.tests\bin\debug\gol.tests.dll" id="030517c0-f8e4-32b0-d788-f4ccb131bc6b">
      <Execution id="e8d18745-cfbf-4fa4-ac9d-6697133e5155" />
      <TestMethod codeBase="C:/Users/kalwal/documents/visual studio 2010/Projects/GoL.Tests/GoL.Tests/bin/Debug/GoL.Tests.DLL" adapterTypeName="Microsoft.VisualStudio.TestTools.TestTypes.Unit.UnitTestAdapter, Microsoft.VisualStudio.QualityTools.Tips.UnitTest.Adapter, Version=10.0.0.0, Culture=neutral, PublicKeyToken=b03f5f7f11d50a3a" className="GoL.Tests.UnitTests, GoL.Tests, Version=1.0.0.0, Culture=neutral, PublicKeyToken=null" name="CellsWithTwoOrThreeNeighboursLiveOn" />
    </UnitTest>
  </TestDefinitions>
  <TestLists>
    <TestList name="Results Not in a List" id="8c84fa94-04c1-424b-9868-57a2d4851a1d" />
    <TestList name="All Loaded Results" id="19431567-8539-422a-85d7-44ee4e166bda" />
  </TestLists>
  <TestEntries>
    <TestEntry testId="030517c0-f8e4-32b0-d788-f4ccb131bc6b" executionId="e8d18745-cfbf-4fa4-ac9d-6697133e5155" testListId="8c84fa94-04c1-424b-9868-57a2d4851a1d" />
  </TestEntries>
  <Results>
    <UnitTestResult executionId="e8d18745-cfbf-4fa4-ac9d-6697133e5155" testId="030517c0-f8e4-32b0-d788-f4ccb131bc6b" testName="CellsWithTwoOrThreeNeighboursLiveOn" computerName="SEGOT-3TT45Q1" duration="00:00:00.0163128" startTime="2012-09-17T22:21:29.6948339+02:00" endTime="2012-09-17T22:21:29.8898450+02:00" testType="13cdc9d9-ddb5-4fa4-a97d-d965ccfc6d4b" outcome="Passed" testListId="8c84fa94-04c1-424b-9868-57a2d4851a1d" relativeResultsDirectory="e8d18745-cfbf-4fa4-ac9d-6697133e5155">
    </UnitTestResult>
  </Results>
</TestRun>