<?xml version="1.0" encoding="UTF-8"?>
<TestRun id="3b085077-c94a-41bc-b9dd-a9cf920405a7" name="kalwal@SEGOT-3TT45Q1 2012-09-17 22:23:40" runUser="KODEXE\kalwal" xmlns="http://microsoft.com/schemas/VisualStudio/TeamTest/2010">
  <TestSettings name="Local" id="a58baa0d-ae03-49b1-854d-7dff66e1198a">
    <Description>These are default test settings for a local test run.</Description>
    <Deployment enabled="false" runDeploymentRoot="kalwal_SEGOT-3TT45Q1 2012-09-17 22_23_40">
      <DeploymentItem filename="C:\Users\kalwal\documents\visual studio 2010\Projects\GoL.Entities\GoL.Entities\bin\Debug\GoL.Entities.dll" />
      <DeploymentItem filename="C:\Users\kalwal\documents\visual studio 2010\Projects\ConsoleApplication1\ConsoleApplication1\bin\Debug\GoL.App.exe" />
    </Deployment>
    <Execution>
      <TestTypeSpecific />
      <AgentRule name="Execution Agents">
      </AgentRule>
    </Execution>
  </TestSettings>
  <Times creation="2012-09-17T22:23:40.6713253+02:00" queuing="2012-09-17T22:23:40.7123276+02:00" start="2012-09-17T22:23:40.7253284+02:00" finish="2012-09-17T22:23:40.9403407+02:00" />
  <ResultSummary outcome="Failed">
    <Counters total="1" executed="1" error="0" failed="1" timeout="0" aborted="0" inconclusive="0" passedButRunAborted="0" notRunnable="0" notExecuted="0" disconnected="0" warning="0" passed="0" completed="0" inProgress="0" pending="0" />
  </ResultSummary>
  <TestDefinitions>
    <UnitTest name="CellsWithMoreThanThreeNeighboursDie" storage="c:\users\kalwal\documents\visual studio 2010\projects\gol.tests\gol.tests\bin\debug\gol.tests.dll" id="63623330-7756-3f05-fd5d-c007bf106418">
      <Execution id="71887666-8baf-4461-a485-93b321d4c492" />
      <TestMethod codeBase="C:/Users/kalwal/documents/visual studio 2010/Projects/GoL.Tests/GoL.Tests/bin/Debug/GoL.Tests.DLL" adapterTypeName="Microsoft.VisualStudio.TestTools.TestTypes.Unit.UnitTestAdapter, Microsoft.VisualStudio.QualityTools.Tips.UnitTest.Adapter, Version=10.0.0.0, Culture=neutral, PublicKeyToken=b03f5f7f11d50a3a" className="GoL.Tests.UnitTests, GoL.Tests, Version=1.0.0.0, Culture=neutral, PublicKeyToken=null" name="CellsWithMoreThanThreeNeighboursDie" />
    </UnitTest>
  </TestDefinitions>
  <TestLists>
    <TestList name="Results Not in a List" id="8c84fa94-04c1-424b-9868-57a2d4851a1d" />
    <TestList name="All Loaded Results" id="19431567-8539-422a-85d7-44ee4e166bda" />
  </TestLists>
  <TestEntries>
    <TestEntry testId="63623330-7756-3f05-fd5d-c007bf106418" executionId="71887666-8baf-4461-a485-93b321d4c492" testListId="8c84fa94-04c1-424b-9868-57a2d4851a1d" />
  </TestEntries>
  <Results>
    <UnitTestResult executionId="71887666-8baf-4461-a485-93b321d4c492" testId="63623330-7756-3f05-fd5d-c007bf106418" testName="CellsWithMoreThanThreeNeighboursDie" computerName="SEGOT-3TT45Q1" duration="00:00:00.0305998" startTime="2012-09-17T22:23:40.7343289+02:00" endTime="2012-09-17T22:23:40.9273399+02:00" testType="13cdc9d9-ddb5-4fa4-a97d-d965ccfc6d4b" outcome="Failed" testListId="8c84fa94-04c1-424b-9868-57a2d4851a1d" relativeResultsDirectory="71887666-8baf-4461-a485-93b321d4c492">
      <Output>
        <ErrorInfo>
          <Message>Assert.IsTrue failed. </Message>
          <StackTrace>   at GoL.Tests.UnitTests.CellsWithMoreThanThreeNeighboursDie() in C:\Users\kalwal\documents\visual studio 2010\Projects\GoL.Tests\GoL.Tests\UnitTests.cs:line 92
</StackTrace>
        </ErrorInfo>
      </Output>
    </UnitTestResult>
  </Results>
</TestRun>